  Source.cpp
D:\An2\Grafica\Proiect\pr1\Project1\Project1\Source.cpp(156,20): warning C4305: '+=': truncation from 'double' to 'GLfloat'
D:\An2\Grafica\Proiect\pr1\Project1\Project1\Source.cpp(160,20): warning C4305: '-=': truncation from 'double' to 'GLfloat'
D:\An2\Grafica\Proiect\pr1\Project1\Project1\Source.cpp(164,20): warning C4305: '+=': truncation from 'double' to 'GLfloat'
D:\An2\Grafica\Proiect\pr1\Project1\Project1\Source.cpp(168,20): warning C4305: '-=': truncation from 'double' to 'GLfloat'
D:\An2\Grafica\Proiect\pr1\Project1\Project1\Source.cpp(230,28): warning C4305: 'argument': truncation from 'double' to 'GLfloat'
D:\An2\Grafica\Proiect\pr1\Project1\Project1\Source.cpp(236,30): warning C4305: 'argument': truncation from 'double' to 'GLfloat'
D:\An2\Grafica\Proiect\pr1\Project1\Project1\Source.cpp(244,29): warning C4305: 'argument': truncation from 'double' to 'GLfloat'
D:\An2\Grafica\Proiect\pr1\Project1\Project1\Source.cpp(261,27): warning C4305: 'argument': truncation from 'double' to 'GLfloat'
D:\An2\Grafica\Proiect\pr1\Project1\Project1\Source.cpp(267,29): warning C4305: 'argument': truncation from 'double' to 'GLfloat'
D:\An2\Grafica\Proiect\pr1\Project1\Project1\Source.cpp(275,28): warning C4305: 'argument': truncation from 'double' to 'GLfloat'
D:\An2\Grafica\Proiect\pr1\Project1\Project1\Source.cpp(291,25): warning C4305: 'argument': truncation from 'double' to 'GLfloat'
D:\An2\Grafica\Proiect\pr1\Project1\Project1\Source.cpp(299,26): warning C4305: 'argument': truncation from 'double' to 'GLfloat'
D:\An2\Grafica\Proiect\pr1\Project1\Project1\Source.cpp(327,29): warning C4305: 'argument': truncation from 'double' to 'GLfloat'
D:\An2\Grafica\Proiect\pr1\Project1\Project1\Source.cpp(343,27): warning C4305: 'argument': truncation from 'double' to 'GLfloat'
D:\An2\Grafica\Proiect\pr1\Project1\Project1\Source.cpp(349,30): warning C4305: 'argument': truncation from 'double' to 'GLfloat'
D:\An2\Grafica\Proiect\pr1\Project1\Project1\Source.cpp(368,26): warning C4305: 'argument': truncation from 'double' to 'GLfloat'
D:\An2\Grafica\Proiect\pr1\Project1\Project1\Source.cpp(374,29): warning C4305: 'argument': truncation from 'double' to 'GLfloat'
D:\An2\Grafica\Proiect\pr1\Project1\Project1\Source.cpp(410,28): warning C4305: 'argument': truncation from 'double' to 'GLfloat'
D:\An2\Grafica\Proiect\pr1\Project1\Project1\Source.cpp(416,28): warning C4305: 'argument': truncation from 'double' to 'GLfloat'
D:\An2\Grafica\Proiect\pr1\Project1\Project1\Source.cpp(434,32): warning C4305: 'argument': truncation from 'double' to 'GLfloat'
D:\An2\Grafica\Proiect\pr1\Project1\Project1\Source.cpp(440,32): warning C4305: 'argument': truncation from 'double' to 'GLfloat'
D:\An2\Grafica\Proiect\pr1\Project1\Project1\Source.cpp(458,28): warning C4305: 'argument': truncation from 'double' to 'GLfloat'
D:\An2\Grafica\Proiect\pr1\Project1\Project1\Source.cpp(477,29): warning C4305: 'argument': truncation from 'double' to 'GLfloat'
D:\An2\Grafica\Proiect\pr1\Project1\Project1\Source.cpp(479,29): warning C4305: 'argument': truncation from 'double' to 'GLfloat'
D:\An2\Grafica\Proiect\pr1\Project1\Project1\Source.cpp(506,28): warning C4305: 'argument': truncation from 'double' to 'GLfloat'
D:\An2\Grafica\Proiect\pr1\Project1\Project1\Source.cpp(522,25): warning C4305: 'argument': truncation from 'double' to 'GLfloat'
D:\An2\Grafica\Proiect\pr1\Project1\Project1\Source.cpp(565,25): warning C4305: 'argument': truncation from 'double' to 'GLfloat'
D:\An2\Grafica\Proiect\pr1\Project1\Project1\Source.cpp(567,25): warning C4305: 'argument': truncation from 'double' to 'GLfloat'
D:\An2\Grafica\Proiect\pr1\Project1\Project1\Source.cpp(569,25): warning C4305: 'argument': truncation from 'double' to 'GLfloat'
D:\An2\Grafica\Proiect\pr1\Project1\Project1\Source.cpp(571,25): warning C4305: 'argument': truncation from 'double' to 'GLfloat'
  Project1.vcxproj -> D:\An2\Grafica\Proiect\pr1\Project1\Debug\Project1.exe
